2017-11-01 17:25:10,429 ERROR 28336 [-/::1/-/25ms GET /listTodos] nodejs.ReferenceError: err is not defined
    at /Users/mac/workspace/eggTodo/src/app/middleware/error_handler.coffee:9:12
    at <anonymous>:null:null
    at process._tickCallback (internal/process/next_tick.js:188:7)


pid: 28336
hostname: 192.168.0.192

2017-11-01 17:26:32,162 ERROR 28336 [-/::1/-/5ms GET /listTodos] nodejs.ReferenceError: err is not defined
    at /Users/mac/workspace/eggTodo/src/app/middleware/error_handler.coffee:9:12
    at <anonymous>:null:null
    at process._tickCallback (internal/process/next_tick.js:188:7)


pid: 28336
hostname: 192.168.0.192

2017-11-01 17:28:35,401 ERROR 28336 [-/::1/-/2ms GET /listTodos] nodejs.ReferenceError: err is not defined
    at /Users/mac/workspace/eggTodo/src/app/middleware/error_handler.coffee:9:12
    at <anonymous>:null:null
    at process._tickCallback (internal/process/next_tick.js:188:7)


pid: 28336
hostname: 192.168.0.192

2017-11-01 17:31:04,021 ERROR 28799 [-/::1/-/2ms GET /listTodos] nodejs.ReferenceError: err is not defined
    at /Users/mac/workspace/eggTodo/src/app/middleware/error_handler.coffee:9:12
    at <anonymous>:null:null
    at process._tickCallback (internal/process/next_tick.js:188:7)


pid: 28799
hostname: 192.168.0.192

2017-11-01 17:32:21,294 ERROR 28799 [-/::1/-/1ms GET /listTodos] nodejs.ReferenceError: err is not defined
    at /Users/mac/workspace/eggTodo/src/app/middleware/error_handler.coffee:9:12
    at <anonymous>:null:null
    at process._tickCallback (internal/process/next_tick.js:188:7)


pid: 28799
hostname: 192.168.0.192

2017-11-01 17:33:10,631 ERROR 28799 [-/::1/-/2ms GET /listTodos] nodejs.ReferenceError: err is not defined
    at /Users/mac/workspace/eggTodo/src/app/middleware/error_handler.coffee:9:12
    at <anonymous>:null:null
    at process._tickCallback (internal/process/next_tick.js:188:7)


pid: 28799
hostname: 192.168.0.192

2017-11-01 17:33:12,307 ERROR 28799 [-/::1/-/1ms GET /listTodos] nodejs.ReferenceError: err is not defined
    at /Users/mac/workspace/eggTodo/src/app/middleware/error_handler.coffee:9:12
    at <anonymous>:null:null
    at process._tickCallback (internal/process/next_tick.js:188:7)


pid: 28799
hostname: 192.168.0.192

2017-11-01 17:35:09,878 ERROR 29169 [-/::1/-/22ms GET /listTodos] nodejs.ReferenceError: err is not defined
    at /Users/mac/workspace/eggTodo/src/app/middleware/error_handler.coffee:9:12
    at <anonymous>:null:null
    at process._tickCallback (internal/process/next_tick.js:188:7)


pid: 29169
hostname: 192.168.0.192

2017-11-01 17:35:46,157 ERROR 29267 [-/::1/-/22ms GET /listTodos] nodejs.ReferenceError: err is not defined
    at /Users/mac/workspace/eggTodo/src/app/middleware/error_handler.coffee:9:12
    at <anonymous>:null:null
    at process._tickCallback (internal/process/next_tick.js:188:7)


pid: 29267
hostname: 192.168.0.192

2017-11-01 17:35:48,262 ERROR 29267 [-/::1/-/3ms GET /listTodos] nodejs.ReferenceError: err is not defined
    at /Users/mac/workspace/eggTodo/src/app/middleware/error_handler.coffee:9:12
    at <anonymous>:null:null
    at process._tickCallback (internal/process/next_tick.js:188:7)


pid: 29267
hostname: 192.168.0.192

2017-11-01 17:37:29,704 ERROR 29388 [-/::1/-/22ms GET /listTodos] nodejs.ReferenceError: err is not defined
    at /Users/mac/workspace/eggTodo/src/app/middleware/error_handler.coffee:9:12
    at <anonymous>:null:null
    at process._tickCallback (internal/process/next_tick.js:188:7)


pid: 29388
hostname: 192.168.0.192

2017-11-01 17:38:05,824 ERROR 29443 [-/::1/-/24ms GET /listTodos] nodejs.ReferenceError: err is not defined
    at /Users/mac/workspace/eggTodo/src/app/middleware/error_handler.coffee:9:12
    at <anonymous>:null:null
    at process._tickCallback (internal/process/next_tick.js:188:7)


pid: 29443
hostname: 192.168.0.192

2017-11-01 17:54:05,153 ERROR 30158 [-/::1/-/21ms GET /listTodos] nodejs.ReferenceError: err is not defined
    at /Users/mac/workspace/eggTodo/src/app/middleware/error_handler.coffee:9:12
    at <anonymous>:null:null
    at process._tickCallback (internal/process/next_tick.js:188:7)


pid: 30158
hostname: 192.168.0.192

2017-11-01 17:54:21,279 ERROR 30158 [-/::1/-/4ms GET /listTodos] nodejs.ReferenceError: err is not defined
    at /Users/mac/workspace/eggTodo/src/app/middleware/error_handler.coffee:9:12
    at <anonymous>:null:null
    at process._tickCallback (internal/process/next_tick.js:188:7)


pid: 30158
hostname: 192.168.0.192

2017-11-01 17:56:13,495 ERROR 30354 [-/::1/-/10ms GET /listTodos] nodejs.ReferenceError: err is not defined
    at /Users/mac/workspace/eggTodo/src/app/middleware/error_handler.coffee:9:12
    at <anonymous>:null:null
    at process._tickCallback (internal/process/next_tick.js:188:7)


pid: 30354
hostname: 192.168.0.192

2017-11-01 17:56:21,973 ERROR 30354 [-/::1/-/1ms GET /listTodos] nodejs.ReferenceError: err is not defined
    at /Users/mac/workspace/eggTodo/src/app/middleware/error_handler.coffee:9:12
    at <anonymous>:null:null
    at process._tickCallback (internal/process/next_tick.js:188:7)


pid: 30354
hostname: 192.168.0.192

2017-11-01 18:04:29,666 ERROR 31416 [-/::1/-/7ms GET /addTodo] nodejs.ReferenceError: err is not defined
    at /Users/mac/workspace/eggTodo/src/app/middleware/error_handler.coffee:9:12
    at <anonymous>:null:null
    at process._tickCallback (internal/process/next_tick.js:188:7)


pid: 31416
hostname: 192.168.0.192

2017-11-01 18:04:56,625 ERROR 31471 [-/::1/-/8ms GET /addTodo] nodejs.ReferenceError: err is not defined
    at /Users/mac/workspace/eggTodo/src/app/middleware/error_handler.coffee:9:12
    at <anonymous>:null:null
    at process._tickCallback (internal/process/next_tick.js:188:7)


pid: 31471
hostname: 192.168.0.192

2017-11-01 18:05:16,288 ERROR 31520 [-/::1/-/10ms GET /addTodo] nodejs.ReferenceError: err is not defined
    at /Users/mac/workspace/eggTodo/src/app/middleware/error_handler.coffee:9:12
    at <anonymous>:null:null
    at process._tickCallback (internal/process/next_tick.js:188:7)


pid: 31520
hostname: 192.168.0.192

